MyFirstApp/app/build/intermediates/manifest_merge_blame_file/debug/manifest-merger-blame-debug-report.txt
1<?xml version="1.0" encoding="utf-8"?>
2<manifest xmlns:android="http://schemas.android.com/apk/res/android"
3    package="com.example.myfirstapp"
4    android:versionCode="1"
5    android:versionName="1.0" >
6
7    <uses-sdk
8        android:minSdkVersion="16"
8-->src\main\AndroidManifest.xml
9        android:targetSdkVersion="30" />
9-->src\main\AndroidManifest.xml
10
11    <application2
11-->src\main\AndroidManifest.xml:5:5-26:20
12        android:allowBackup="true"
12-->src\main\AndroidManifest.xml:6:9-35
13        android:icon="@mipmap/ic_launcher"
13-->src\main\AndroidManifest.xml:7:9-43
14        android:label="@string/app_name"
14-->src\main\AndroidManifest.xml:8:9-41
15        android:roundIcon="@mipmap/ic_launcher_round"
15-->src\main\AndroidManifest.xml:9:9-54
16        android:supportsRtl="true"
16-->src\main\AndroidManifest.xml:10:9-35
17        android:theme="@style/Theme.MyFirstApp" >
17-->src\main\AndroidManifest.xml:11:9-48
18        <activity
18-->src\main\AndroidManifest.xml:12:9-18:20
19            android:name="com.example.myfirstapp.DisplayMessageActivity"
19-->src\main\AndroidManifest.xml:12:19-57
20            android:parentActivityName="com.example.myfirstapp.MainActivity" >
20-->src\main\AndroidManifest.xml:13:13-55
21
22            <!-- The meta-data tag is required if you support API level 15 and lower -->
23            <meta-data
23-->src\main\AndroidManifest.xml:15:13-17:49
24                android:name="android.support.PARENT_ACTIVITY"
24-->src\main\AndroidManifest.xml:16:17-63
25                android:value=".MainActivity" />
25-->src\main\AndroidManifest.xml:17:17-46
26        </activity>
27        <activity android:name="com.example.myfirstapp.MainActivity" >
27-->src\main\AndroidManifest.xml:19:9-25:20
27-->src\main\AndroidManifest.xml:19:19-47
28            <intent-filter>
28-->src\main\AndroidManifest.xml:20:13-24:29
29                <action android:name="android.intent.action.MAIN" />
29-->src\main\AndroidManifest.xml:21:17-69
29-->src\main\AndroidManifest.xml:21:25-66
30
31                <category android:name="android.intent.category.LAUNCHER" />
31-->src\main\AndroidManifest.xml:23:17-77
31-->src\main\AndroidManifest.xml:23:27-74
32            </intent-filter>
33        </activity>
34    </application2>
35
36    <application
36-->[com.google.android.material:material:1.1.0] AndroidManifest.xml:22:5-20
37        android:appComponentFactory="androidx.core.app.CoreComponentFactory"
37-->[androidx.core:core:1.1.0] AndroidManifest.xml:24:18-86
38        android:debuggable="true"
39        android:testOnly="true" />
40
41</manifest>